<?xml version="1.0" encoding="UTF-8"?>
<testsuite name="TestSuite" time="21.858" tests="161" errors="0" skipped="0" failures="0">
  <properties>
    <property name="java.runtime.name" value="Java(TM) SE Runtime Environment"/>
    <property name="sun.boot.library.path" value="/Library/Java/JavaVirtualMachines/jdk1.8.0_40.jdk/Contents/Home/jre/lib"/>
    <property name="java.vm.version" value="25.40-b25"/>
    <property name="gopherProxySet" value="false"/>
    <property name="java.vm.vendor" value="Oracle Corporation"/>
    <property name="maven.multiModuleProjectDirectory" value="/Users/zhailz/Documents/workspace/idle-workspace/solo"/>
    <property name="java.vendor.url" value="http://java.oracle.com/"/>
    <property name="path.separator" value=":"/>
    <property name="guice.disable.misplaced.annotation.check" value="true"/>
    <property name="java.vm.name" value="Java HotSpot(TM) 64-Bit Server VM"/>
    <property name="file.encoding.pkg" value="sun.io"/>
    <property name="user.country" value="CN"/>
    <property name="sun.java.launcher" value="SUN_STANDARD"/>
    <property name="sun.os.patch.level" value="unknown"/>
    <property name="java.vm.specification.name" value="Java Virtual Machine Specification"/>
    <property name="user.dir" value="/Users/zhailz/Documents/workspace/idle-workspace/solo"/>
    <property name="java.runtime.version" value="1.8.0_40-b27"/>
    <property name="java.awt.graphicsenv" value="sun.awt.CGraphicsEnvironment"/>
    <property name="java.endorsed.dirs" value="/Library/Java/JavaVirtualMachines/jdk1.8.0_40.jdk/Contents/Home/jre/lib/endorsed"/>
    <property name="os.arch" value="x86_64"/>
    <property name="java.io.tmpdir" value="/var/folders/9p/q7kt9vws5gd88fnfn1g5xbpm0000gn/T/"/>
    <property name="line.separator" value="&#10;"/>
    <property name="java.vm.specification.vendor" value="Oracle Corporation"/>
    <property name="os.name" value="Mac OS X"/>
    <property name="classworlds.conf" value="/Users/zhailz/Documents/workspace/idle-workspace/eclipseidlehome/.metadata/.plugins/org.eclipse.m2e.launching/launches/m2conf2700620385515702456.tmp"/>
    <property name="sun.jnu.encoding" value="UTF-8"/>
    <property name="java.library.path" value="/Users/zhailz/Library/Java/Extensions:/Library/Java/Extensions:/Network/Library/Java/Extensions:/System/Library/Java/Extensions:/usr/lib/java:."/>
    <property name="java.specification.name" value="Java Platform API Specification"/>
    <property name="java.class.version" value="52.0"/>
    <property name="sun.management.compiler" value="HotSpot 64-Bit Tiered Compilers"/>
    <property name="os.version" value="10.11.4"/>
    <property name="user.home" value="/Users/zhailz"/>
    <property name="user.timezone" value="Asia/Shanghai"/>
    <property name="java.awt.printerjob" value="sun.lwawt.macosx.CPrinterJob"/>
    <property name="java.specification.version" value="1.8"/>
    <property name="file.encoding" value="UTF-8"/>
    <property name="user.name" value="zhailz"/>
    <property name="java.class.path" value="/Users/zhailz/Desktop/Eclipse2.app/Contents/Eclipse/plugins/org.eclipse.m2e.maven.runtime_1.6.3.20160209-1444/jars/plexus-classworlds-2.5.2.jar"/>
    <property name="java.vm.specification.version" value="1.8"/>
    <property name="sun.arch.data.model" value="64"/>
    <property name="java.home" value="/Library/Java/JavaVirtualMachines/jdk1.8.0_40.jdk/Contents/Home/jre"/>
    <property name="sun.java.command" value="org.codehaus.plexus.classworlds.launcher.Launcher -B -s /Users/zhailz/.m2/setting.xml install"/>
    <property name="java.specification.vendor" value="Oracle Corporation"/>
    <property name="user.language" value="zh"/>
    <property name="awt.toolkit" value="sun.lwawt.macosx.LWCToolkit"/>
    <property name="java.vm.info" value="mixed mode"/>
    <property name="java.version" value="1.8.0_40"/>
    <property name="java.ext.dirs" value="/Users/zhailz/Library/Java/Extensions:/Library/Java/JavaVirtualMachines/jdk1.8.0_40.jdk/Contents/Home/jre/lib/ext:/Library/Java/Extensions:/Network/Library/Java/Extensions:/System/Library/Java/Extensions:/usr/lib/java"/>
    <property name="sun.boot.class.path" value="/Library/Java/JavaVirtualMachines/jdk1.8.0_40.jdk/Contents/Home/jre/lib/resources.jar:/Library/Java/JavaVirtualMachines/jdk1.8.0_40.jdk/Contents/Home/jre/lib/rt.jar:/Library/Java/JavaVirtualMachines/jdk1.8.0_40.jdk/Contents/Home/jre/lib/sunrsasign.jar:/Library/Java/JavaVirtualMachines/jdk1.8.0_40.jdk/Contents/Home/jre/lib/jsse.jar:/Library/Java/JavaVirtualMachines/jdk1.8.0_40.jdk/Contents/Home/jre/lib/jce.jar:/Library/Java/JavaVirtualMachines/jdk1.8.0_40.jdk/Contents/Home/jre/lib/charsets.jar:/Library/Java/JavaVirtualMachines/jdk1.8.0_40.jdk/Contents/Home/jre/lib/jfr.jar:/Library/Java/JavaVirtualMachines/jdk1.8.0_40.jdk/Contents/Home/jre/classes"/>
    <property name="java.vendor" value="Oracle Corporation"/>
    <property name="maven.home" value="/Users/zhailz/Documents/workspace/idle-workspace/solo/EMBEDDED"/>
    <property name="file.separator" value="/"/>
    <property name="java.vendor.url.bug" value="http://bugreport.sun.com/bugreport/"/>
    <property name="sun.cpu.endian" value="little"/>
    <property name="sun.io.unicode.encoding" value="UnicodeBig"/>
    <property name="sun.cpu.isalist" value=""/>
  </properties>
  <testcase name="init" classname="org.b3log.solo.service.ArchiveDateQueryServiceTestCase" time="0.675"/>
  <testcase name="getArchiveDates" classname="org.b3log.solo.service.ArchiveDateQueryServiceTestCase" time="0.002"/>
  <testcase name="getByArchiveDateString" classname="org.b3log.solo.service.ArchiveDateQueryServiceTestCase" time="0.002"/>
  <testcase name="matchDefaultArticlePermalinkFormat" classname="org.b3log.solo.service.PermalinkQueryServiceTestCase" time="0"/>
  <testcase name="matchDefaultPagePermalinkFormat" classname="org.b3log.solo.service.PermalinkQueryServiceTestCase" time="0"/>
  <testcase name="toHTML" classname="org.b3log.solo.util.MarkdownsTestCase" time="0.3"/>
  <testcase name="getGravatarURL" classname="org.b3log.solo.util.ThumbnailsTestCase" time="0.001"/>
  <testcase name="init" classname="org.b3log.solo.processor.ArticleProcessorTestCase" time="0.512"/>
  <testcase name="getArchivesArticlesByPage" classname="org.b3log.solo.processor.ArticleProcessorTestCase" time="0.207"/>
  <testcase name="getArticleContent" classname="org.b3log.solo.processor.ArticleProcessorTestCase" time="0.012"/>
  <testcase name="getArticlesByPage" classname="org.b3log.solo.processor.ArticleProcessorTestCase" time="0.019"/>
  <testcase name="getAuthorsArticlesByPage" classname="org.b3log.solo.processor.ArticleProcessorTestCase" time="0.018"/>
  <testcase name="getRandomArticles" classname="org.b3log.solo.processor.ArticleProcessorTestCase" time="0.006"/>
  <testcase name="getRelevantArticles" classname="org.b3log.solo.processor.ArticleProcessorTestCase" time="0.005"/>
  <testcase name="getTagArticlesByPage" classname="org.b3log.solo.processor.ArticleProcessorTestCase" time="0.014"/>
  <testcase name="showArchiveArticles" classname="org.b3log.solo.processor.ArticleProcessorTestCase" time="0.196"/>
  <testcase name="showArticle" classname="org.b3log.solo.processor.ArticleProcessorTestCase" time="0.083"/>
  <testcase name="showArticlePwdForm" classname="org.b3log.solo.processor.ArticleProcessorTestCase" time="0.007"/>
  <testcase name="showAuthorArticles" classname="org.b3log.solo.processor.ArticleProcessorTestCase" time="0.021"/>
  <testcase name="init" classname="org.b3log.solo.processor.BlogProcessorTestCase" time="0.505"/>
  <testcase name="getArticlesTags" classname="org.b3log.solo.processor.BlogProcessorTestCase" time="0.004"/>
  <testcase name="getBlogInfo" classname="org.b3log.solo.processor.BlogProcessorTestCase" time="0.004"/>
  <testcase name="getInterestTags" classname="org.b3log.solo.processor.BlogProcessorTestCase" time="0.002"/>
  <testcase name="init" classname="org.b3log.solo.processor.CaptchaProcessorTestCase" time="0.511"/>
  <testcase name="get" classname="org.b3log.solo.processor.CaptchaProcessorTestCase" time="0.012"/>
  <testcase name="init" classname="org.b3log.solo.processor.CommentProcessorTestCase" time="0.502"/>
  <testcase name="addArticleComment" classname="org.b3log.solo.processor.CommentProcessorTestCase" time="0.755"/>
  <testcase name="addPageComment" classname="org.b3log.solo.processor.CommentProcessorTestCase" time="0.237"/>
  <testcase name="init" classname="org.b3log.solo.processor.ErrorProcessorTestCase" time="0.503"/>
  <testcase name="showErrorPage" classname="org.b3log.solo.processor.ErrorProcessorTestCase" time="0.008"/>
  <testcase name="init" classname="org.b3log.solo.processor.FeedProcessorTestCase" time="0.499"/>
  <testcase name="blogArticlesAtom" classname="org.b3log.solo.processor.FeedProcessorTestCase" time="0.013"/>
  <testcase name="blogArticlesRSS" classname="org.b3log.solo.processor.FeedProcessorTestCase" time="0.003"/>
  <testcase name="tagArticlesAtom" classname="org.b3log.solo.processor.FeedProcessorTestCase" time="0.004"/>
  <testcase name="tagArticlesRSS" classname="org.b3log.solo.processor.FeedProcessorTestCase" time="0.005"/>
  <testcase name="init" classname="org.b3log.solo.processor.IndexProcessorTestCase" time="0.505"/>
  <testcase name="register" classname="org.b3log.solo.processor.IndexProcessorTestCase" time="0.01"/>
  <testcase name="showIndex" classname="org.b3log.solo.processor.IndexProcessorTestCase" time="0.035"/>
  <testcase name="showKillBrowser" classname="org.b3log.solo.processor.IndexProcessorTestCase" time="0.008"/>
  <testcase name="showInit" classname="org.b3log.solo.processor.InitProcessorTestCase" time="0.01"/>
  <testcase name="initSolo" classname="org.b3log.solo.processor.InitProcessorTestCase" time="0.492"/>
  <testcase name="init" classname="org.b3log.solo.processor.LoginProcessorTestCase" time="0.501"/>
  <testcase name="forgot" classname="org.b3log.solo.processor.LoginProcessorTestCase" time="0.005"/>
  <testcase name="login" classname="org.b3log.solo.processor.LoginProcessorTestCase" time="0.002"/>
  <testcase name="logout" classname="org.b3log.solo.processor.LoginProcessorTestCase" time="0.007"/>
  <testcase name="showForgot" classname="org.b3log.solo.processor.LoginProcessorTestCase" time="0.006"/>
  <testcase name="showLogin" classname="org.b3log.solo.processor.LoginProcessorTestCase" time="0.005"/>
  <testcase name="init" classname="org.b3log.solo.processor.PageProcessorTestCase" time="0.494"/>
  <testcase name="showPage" classname="org.b3log.solo.processor.PageProcessorTestCase" time="0.067"/>
  <testcase name="init" classname="org.b3log.solo.processor.SitemapProcessorTestCase" time="0.491"/>
  <testcase name="blogArticlesAtom" classname="org.b3log.solo.processor.SitemapProcessorTestCase" time="0.004"/>
  <testcase name="init" classname="org.b3log.solo.processor.StatProcessorTestCase" time="0.488"/>
  <testcase name="showIndex" classname="org.b3log.solo.processor.StatProcessorTestCase" time="0.002"/>
  <testcase name="init" classname="org.b3log.solo.processor.TagProcessorTestCase" time="0.498"/>
  <testcase name="showTagArticles" classname="org.b3log.solo.processor.TagProcessorTestCase" time="0.026"/>
  <testcase name="init" classname="org.b3log.solo.processor.console.CategoryConsoleTestCase" time="0.501"/>
  <testcase name="addCategory" classname="org.b3log.solo.processor.console.CategoryConsoleTestCase" time="0.112"/>
  <testcase name="updateCategory" classname="org.b3log.solo.processor.console.CategoryConsoleTestCase" time="0.058"/>
  <testcase name="init" classname="org.b3log.solo.processor.MetaWeblogAPITestCase" time="0.495"/>
  <testcase name="metaWeblog" classname="org.b3log.solo.processor.MetaWeblogAPITestCase" time="0.275"/>
  <testcase name="add" classname="org.b3log.solo.repository.impl.ArchiveDateArticleRepositoryImplTestCase" time="0.052"/>
  <testcase name="getByArchiveDateId" classname="org.b3log.solo.repository.impl.ArchiveDateArticleRepositoryImplTestCase" time="0"/>
  <testcase name="getByArticleId" classname="org.b3log.solo.repository.impl.ArchiveDateArticleRepositoryImplTestCase" time="0"/>
  <testcase name="add" classname="org.b3log.solo.repository.impl.ArchiveDateRepositoryImplTestCase" time="0.055"/>
  <testcase name="getByArchiveDate" classname="org.b3log.solo.repository.impl.ArchiveDateRepositoryImplTestCase" time="0.001"/>
  <testcase name="add" classname="org.b3log.solo.repository.impl.ArticleRepositoryImplTestCase" time="0.056"/>
  <testcase name="getByPermalink" classname="org.b3log.solo.repository.impl.ArticleRepositoryImplTestCase" time="0"/>
  <testcase name="previousAndNext" classname="org.b3log.solo.repository.impl.ArticleRepositoryImplTestCase" time="0.058"/>
  <testcase name="getMostCommentArticles" classname="org.b3log.solo.repository.impl.ArticleRepositoryImplTestCase" time="0.057"/>
  <testcase name="getMostViewCountArticles" classname="org.b3log.solo.repository.impl.ArticleRepositoryImplTestCase" time="0.052"/>
  <testcase name="getRandomly" classname="org.b3log.solo.repository.impl.ArticleRepositoryImplTestCase" time="0.001"/>
  <testcase name="getRecentArticles" classname="org.b3log.solo.repository.impl.ArticleRepositoryImplTestCase" time="0.001"/>
  <testcase name="isPublished" classname="org.b3log.solo.repository.impl.ArticleRepositoryImplTestCase" time="0.001"/>
  <testcase name="add" classname="org.b3log.solo.repository.impl.PageRepositoryImplTestCase" time="0.056"/>
  <testcase name="getByPermalink" classname="org.b3log.solo.repository.impl.PageRepositoryImplTestCase" time="0"/>
  <testcase name="getMaxOrder" classname="org.b3log.solo.repository.impl.PageRepositoryImplTestCase" time="0.054"/>
  <testcase name="getByOrder" classname="org.b3log.solo.repository.impl.PageRepositoryImplTestCase" time="0.001"/>
  <testcase name="getUnderAndUpper" classname="org.b3log.solo.repository.impl.PageRepositoryImplTestCase" time="0.056"/>
  <testcase name="add" classname="org.b3log.solo.repository.impl.TagArticleRepositoryImplTestCase" time="0.052"/>
  <testcase name="getByArticleId" classname="org.b3log.solo.repository.impl.TagArticleRepositoryImplTestCase" time="0.001"/>
  <testcase name="getByTagId" classname="org.b3log.solo.repository.impl.TagArticleRepositoryImplTestCase" time="0"/>
  <testcase name="add" classname="org.b3log.solo.repository.impl.TagRepositoryImplTestCase" time="0.054"/>
  <testcase name="getByArticleId" classname="org.b3log.solo.repository.impl.TagRepositoryImplTestCase" time="0.053"/>
  <testcase name="getByTitle" classname="org.b3log.solo.repository.impl.TagRepositoryImplTestCase" time="0"/>
  <testcase name="getMostUsedTags" classname="org.b3log.solo.repository.impl.TagRepositoryImplTestCase" time="0.053"/>
  <testcase name="test" classname="org.b3log.solo.repository.impl.CategoryRepositoryImplTestCase" time="0.165"/>
  <testcase name="add" classname="org.b3log.solo.repository.impl.CommentRepositoryImplTestCase" time="0.053"/>
  <testcase name="test" classname="org.b3log.solo.repository.impl.LinkRepositoryImplTestCase" time="0.158"/>
  <testcase name="test" classname="org.b3log.solo.repository.impl.OptionRepositoryImplTestCase" time="0.001"/>
  <testcase name="test" classname="org.b3log.solo.repository.impl.PluginRepositoryImplTestCase" time="0.001"/>
  <testcase name="test" classname="org.b3log.solo.repository.impl.StatisticRepositoryImplTestCase" time="0"/>
  <testcase name="test" classname="org.b3log.solo.repository.impl.UserRepositoryImplTestCase" time="0.112"/>
  <testcase name="init" classname="org.b3log.solo.service.ArticleMgmtServiceTestCase" time="0.5"/>
  <testcase name="addArticle" classname="org.b3log.solo.service.ArticleMgmtServiceTestCase" time="0.439"/>
  <testcase name="addArticleWithoutPermalink" classname="org.b3log.solo.service.ArticleMgmtServiceTestCase" time="0.273"/>
  <testcase name="cancelPublishArticle" classname="org.b3log.solo.service.ArticleMgmtServiceTestCase" time="0.274"/>
  <testcase name="removeArticle" classname="org.b3log.solo.service.ArticleMgmtServiceTestCase" time="0.283"/>
  <testcase name="topArticle" classname="org.b3log.solo.service.ArticleMgmtServiceTestCase" time="0.002"/>
  <testcase name="updateArticle" classname="org.b3log.solo.service.ArticleMgmtServiceTestCase" time="0.277"/>
  <testcase name="updateArticlesRandomValue" classname="org.b3log.solo.service.ArticleMgmtServiceTestCase" time="0.002"/>
  <testcase name="init" classname="org.b3log.solo.service.ArticleQueryServiceTestCase" time="0.484"/>
  <testcase name="getArticlesByArchiveDate" classname="org.b3log.solo.service.ArticleQueryServiceTestCase" time="0.001"/>
  <testcase name="getArticlesByTag" classname="org.b3log.solo.service.ArticleQueryServiceTestCase" time="0.001"/>
  <testcase name="getRecentArticles" classname="org.b3log.solo.service.ArticleQueryServiceTestCase" time="0.001"/>
  <testcase name="getArticle" classname="org.b3log.solo.service.ArticleQueryServiceTestCase" time="0.002"/>
  <testcase name="getArticleById" classname="org.b3log.solo.service.ArticleQueryServiceTestCase" time="0"/>
  <testcase name="getArticleContent" classname="org.b3log.solo.service.ArticleQueryServiceTestCase" time="0.012"/>
  <testcase name="init" classname="org.b3log.solo.service.CategoryMgmtServiceTestCase" time="0.503"/>
  <testcase name="addCategory" classname="org.b3log.solo.service.CategoryMgmtServiceTestCase" time="0.053"/>
  <testcase name="changeOrder" classname="org.b3log.solo.service.CategoryMgmtServiceTestCase" time="0.054"/>
  <testcase name="removeCategory" classname="org.b3log.solo.service.CategoryMgmtServiceTestCase" time="0.052"/>
  <testcase name="updateCategory" classname="org.b3log.solo.service.CategoryMgmtServiceTestCase" time="0.053"/>
  <testcase name="init" classname="org.b3log.solo.service.CategoryQueryServiceTestCase" time="0.498"/>
  <testcase name="addCategory" classname="org.b3log.solo.service.CategoryQueryServiceTestCase" time="0.056"/>
  <testcase name="getCategories" classname="org.b3log.solo.service.CategoryQueryServiceTestCase" time="0.001"/>
  <testcase name="init" classname="org.b3log.solo.service.CommentMgmtServiceTestCase" time="0.496"/>
  <testcase name="addArticleComment" classname="org.b3log.solo.service.CommentMgmtServiceTestCase" time="0.191"/>
  <testcase name="addPageComment" classname="org.b3log.solo.service.CommentMgmtServiceTestCase" time="0.229"/>
  <testcase name="init" classname="org.b3log.solo.service.CommentQueryServiceTestCase" time="0.496"/>
  <testcase name="getComments" classname="org.b3log.solo.service.CommentQueryServiceTestCase" time="0.004"/>
  <testcase name="getCommentsOnId" classname="org.b3log.solo.service.CommentQueryServiceTestCase" time="0.003"/>
  <testcase name="init" classname="org.b3log.solo.service.LinkMgmtServiceTestCase" time="0.498"/>
  <testcase name="addLink" classname="org.b3log.solo.service.LinkMgmtServiceTestCase" time="0.055"/>
  <testcase name="changeOrder" classname="org.b3log.solo.service.LinkMgmtServiceTestCase" time="0.055"/>
  <testcase name="removeLink" classname="org.b3log.solo.service.LinkMgmtServiceTestCase" time="0.055"/>
  <testcase name="updateLink" classname="org.b3log.solo.service.LinkMgmtServiceTestCase" time="0.053"/>
  <testcase name="init" classname="org.b3log.solo.service.LinkQueryServiceTestCase" time="0.489"/>
  <testcase name="addLink" classname="org.b3log.solo.service.LinkQueryServiceTestCase" time="0.052"/>
  <testcase name="getLinks" classname="org.b3log.solo.service.LinkQueryServiceTestCase" time="0"/>
  <testcase name="init" classname="org.b3log.solo.service.PageMgmtServiceTestCase" time="0.488"/>
  <testcase name="addPage" classname="org.b3log.solo.service.PageMgmtServiceTestCase" time="0.054"/>
  <testcase name="changeOrder" classname="org.b3log.solo.service.PageMgmtServiceTestCase" time="0.058"/>
  <testcase name="removePage" classname="org.b3log.solo.service.PageMgmtServiceTestCase" time="0.057"/>
  <testcase name="updatePage" classname="org.b3log.solo.service.PageMgmtServiceTestCase" time="0.058"/>
  <testcase name="init" classname="org.b3log.solo.service.PageQueryServiceTestCase" time="0.492"/>
  <testcase name="addPage" classname="org.b3log.solo.service.PageQueryServiceTestCase" time="0.052"/>
  <testcase name="getPages" classname="org.b3log.solo.service.PageQueryServiceTestCase" time="0"/>
  <testcase name="init" classname="org.b3log.solo.service.PreferenceMgmtServiceTestCase" time="0.491"/>
  <testcase name="updatePreference" classname="org.b3log.solo.service.PreferenceMgmtServiceTestCase" time="0.004"/>
  <testcase name="updateReplyNotificationTemplate" classname="org.b3log.solo.service.PreferenceMgmtServiceTestCase" time="0.002"/>
  <testcase name="init" classname="org.b3log.solo.service.PreferenceQueryServiceTestCase" time="0.497"/>
  <testcase name="getPreference" classname="org.b3log.solo.service.PreferenceQueryServiceTestCase" time="0.001"/>
  <testcase name="getReplyNotificationTemplate" classname="org.b3log.solo.service.PreferenceQueryServiceTestCase" time="0"/>
  <testcase name="init" classname="org.b3log.solo.service.TagMgmtServiceTestCase" time="0.496"/>
  <testcase name="removeUnusedTags" classname="org.b3log.solo.service.TagMgmtServiceTestCase" time="0"/>
  <testcase name="init" classname="org.b3log.solo.service.TagQueryServiceTestCase" time="0.493"/>
  <testcase name="getTagByTitle" classname="org.b3log.solo.service.TagQueryServiceTestCase" time="0"/>
  <testcase name="getTags" classname="org.b3log.solo.service.TagQueryServiceTestCase" time="0"/>
  <testcase name="addUser" classname="org.b3log.solo.service.UserMgmtServiceTestCase" time="0.056"/>
  <testcase name="removeUser" classname="org.b3log.solo.service.UserMgmtServiceTestCase" time="0.001"/>
  <testcase name="updateUser" classname="org.b3log.solo.service.UserMgmtServiceTestCase" time="0.057"/>
  <testcase name="addUser" classname="org.b3log.solo.service.UserQueryServiceTestCase" time="0.054"/>
  <testcase name="getUser" classname="org.b3log.solo.service.UserQueryServiceTestCase" time="0"/>
  <testcase name="getUserByEmail" classname="org.b3log.solo.service.UserQueryServiceTestCase" time="0"/>
  <testcase name="getUsers" classname="org.b3log.solo.service.UserQueryServiceTestCase" time="0.001"/>
  <testcase name="add" classname="org.b3log.solo.service.OptionMgmtServiceTestCase" time="0"/>
  <testcase name="remove" classname="org.b3log.solo.service.OptionMgmtServiceTestCase" time="0.001"/>
  <testcase name="update" classname="org.b3log.solo.service.OptionMgmtServiceTestCase" time="0"/>
  <testcase name="get" classname="org.b3log.solo.service.OptionQueryServiceTestCase" time="0"/>
  <testcase name="getLoginURL" classname="org.b3log.solo.service.UserQueryServiceTestCase" time="0"/>
  <testcase name="getLogoutURL" classname="org.b3log.solo.service.UserQueryServiceTestCase" time="0"/>
</testsuite>