<?xml version="1.0" encoding="UTF-8"?>
<!-- Generated by org.testng.reporters.JUnitReportReporter -->
<testsuite hostname="bogon" name="org.b3log.solo.service.PageQueryServiceTestCase" tests="3" failures="0" timestamp="8 May 2017 12:31:35 GMT" time="0.544" errors="0">
  <testcase name="init" time="0.492" classname="org.b3log.solo.service.PageQueryServiceTestCase"/>
  <testcase name="getPages" time="0.000" classname="org.b3log.solo.service.PageQueryServiceTestCase"/>
  <testcase name="addPage" time="0.052" classname="org.b3log.solo.service.PageQueryServiceTestCase"/>
</testsuite>
