<?xml version="1.0" encoding="UTF-8"?>
<!-- Generated by org.testng.reporters.JUnitReportReporter -->
<testsuite hostname="bogon" name="org.b3log.solo.processor.ArticleProcessorTestCase" tests="12" failures="0" timestamp="8 May 2017 12:31:35 GMT" time="1.096" errors="0">
  <testcase name="getTagArticlesByPage" time="0.014" classname="org.b3log.solo.processor.ArticleProcessorTestCase"/>
  <testcase name="showArticlePwdForm" time="0.007" classname="org.b3log.solo.processor.ArticleProcessorTestCase"/>
  <testcase name="getArchivesArticlesByPage" time="0.206" classname="org.b3log.solo.processor.ArticleProcessorTestCase"/>
  <testcase name="showAuthorArticles" time="0.021" classname="org.b3log.solo.processor.ArticleProcessorTestCase"/>
  <testcase name="getArticleContent" time="0.011" classname="org.b3log.solo.processor.ArticleProcessorTestCase"/>
  <testcase name="getRelevantArticles" time="0.004" classname="org.b3log.solo.processor.ArticleProcessorTestCase"/>
  <testcase name="showArticle" time="0.083" classname="org.b3log.solo.processor.ArticleProcessorTestCase"/>
  <testcase name="getRandomArticles" time="0.006" classname="org.b3log.solo.processor.ArticleProcessorTestCase"/>
  <testcase name="getArticlesByPage" time="0.018" classname="org.b3log.solo.processor.ArticleProcessorTestCase"/>
  <testcase name="init" time="0.512" classname="org.b3log.solo.processor.ArticleProcessorTestCase"/>
  <testcase name="showArchiveArticles" time="0.196" classname="org.b3log.solo.processor.ArticleProcessorTestCase"/>
  <testcase name="getAuthorsArticlesByPage" time="0.018" classname="org.b3log.solo.processor.ArticleProcessorTestCase"/>
</testsuite>
