<?xml version="1.0" encoding="UTF-8"?>
<!-- Generated by org.testng.reporters.JUnitReportReporter -->
<testsuite hostname="bogon" name="org.b3log.solo.service.UserMgmtServiceTestCase" tests="3" failures="0" timestamp="8 May 2017 12:31:35 GMT" time="0.113" errors="0">
  <testcase name="updateUser" time="0.057" classname="org.b3log.solo.service.UserMgmtServiceTestCase"/>
  <testcase name="removeUser" time="0.001" classname="org.b3log.solo.service.UserMgmtServiceTestCase"/>
  <testcase name="addUser" time="0.055" classname="org.b3log.solo.service.UserMgmtServiceTestCase"/>
</testsuite>
