<?xml version="1.0" encoding="UTF-8"?>
<!-- Generated by org.testng.reporters.JUnitReportReporter -->
<testsuite hostname="bogon" name="org.b3log.solo.processor.CommentProcessorTestCase" tests="3" failures="0" timestamp="8 May 2017 12:31:35 GMT" time="1.493" errors="0">
  <testcase name="init" time="0.503" classname="org.b3log.solo.processor.CommentProcessorTestCase"/>
  <testcase name="addPageComment" time="0.236" classname="org.b3log.solo.processor.CommentProcessorTestCase"/>
  <testcase name="addArticleComment" time="0.754" classname="org.b3log.solo.processor.CommentProcessorTestCase"/>
</testsuite>
