<?xml version="1.0" encoding="UTF-8"?>
<!-- Generated by org.testng.reporters.JUnitReportReporter -->
<testsuite hostname="bogon" name="org.b3log.solo.service.CommentQueryServiceTestCase" tests="3" failures="0" timestamp="8 May 2017 12:31:35 GMT" time="0.502" errors="0">
  <testcase name="getCommentsOnId" time="0.003" classname="org.b3log.solo.service.CommentQueryServiceTestCase"/>
  <testcase name="getComments" time="0.003" classname="org.b3log.solo.service.CommentQueryServiceTestCase"/>
  <testcase name="init" time="0.496" classname="org.b3log.solo.service.CommentQueryServiceTestCase"/>
</testsuite>
