<?xml version="1.0" encoding="UTF-8"?>
<!-- Generated by org.testng.reporters.JUnitReportReporter -->
<testsuite hostname="bogon" name="org.b3log.solo.service.ArticleQueryServiceTestCase" tests="7" failures="0" timestamp="8 May 2017 12:31:35 GMT" time="0.503" errors="0">
  <testcase name="getArticlesByArchiveDate" time="0.001" classname="org.b3log.solo.service.ArticleQueryServiceTestCase"/>
  <testcase name="getArticleById" time="0.000" classname="org.b3log.solo.service.ArticleQueryServiceTestCase"/>
  <testcase name="getRecentArticles" time="0.001" classname="org.b3log.solo.service.ArticleQueryServiceTestCase"/>
  <testcase name="getArticlesByTag" time="0.001" classname="org.b3log.solo.service.ArticleQueryServiceTestCase"/>
  <testcase name="init" time="0.485" classname="org.b3log.solo.service.ArticleQueryServiceTestCase"/>
  <testcase name="getArticle" time="0.002" classname="org.b3log.solo.service.ArticleQueryServiceTestCase"/>
  <testcase name="getArticleContent" time="0.013" classname="org.b3log.solo.service.ArticleQueryServiceTestCase"/>
</testsuite>
