<?xml version="1.0" encoding="UTF-8"?>
<!-- Generated by org.testng.reporters.JUnitReportReporter -->
<testsuite hostname="bogon" name="org.b3log.solo.processor.BlogProcessorTestCase" tests="4" failures="0" timestamp="8 May 2017 12:31:35 GMT" time="0.513" errors="0">
  <testcase name="getArticlesTags" time="0.004" classname="org.b3log.solo.processor.BlogProcessorTestCase"/>
  <testcase name="init" time="0.504" classname="org.b3log.solo.processor.BlogProcessorTestCase"/>
  <testcase name="getInterestTags" time="0.002" classname="org.b3log.solo.processor.BlogProcessorTestCase"/>
  <testcase name="getBlogInfo" time="0.003" classname="org.b3log.solo.processor.BlogProcessorTestCase"/>
</testsuite>
