<?xml version="1.0" encoding="UTF-8"?>
<!-- Generated by org.testng.reporters.JUnitReportReporter -->
<testsuite hostname="bogon" name="org.b3log.solo.service.ArticleMgmtServiceTestCase" tests="8" failures="0" timestamp="8 May 2017 12:31:35 GMT" time="2.049" errors="0">
  <testcase name="addArticle" time="0.439" classname="org.b3log.solo.service.ArticleMgmtServiceTestCase"/>
  <testcase name="topArticle" time="0.002" classname="org.b3log.solo.service.ArticleMgmtServiceTestCase"/>
  <testcase name="init" time="0.500" classname="org.b3log.solo.service.ArticleMgmtServiceTestCase"/>
  <testcase name="removeArticle" time="0.282" classname="org.b3log.solo.service.ArticleMgmtServiceTestCase"/>
  <testcase name="updateArticlesRandomValue" time="0.003" classname="org.b3log.solo.service.ArticleMgmtServiceTestCase"/>
  <testcase name="updateArticle" time="0.277" classname="org.b3log.solo.service.ArticleMgmtServiceTestCase"/>
  <testcase name="cancelPublishArticle" time="0.274" classname="org.b3log.solo.service.ArticleMgmtServiceTestCase"/>
  <testcase name="addArticleWithoutPermalink" time="0.272" classname="org.b3log.solo.service.ArticleMgmtServiceTestCase"/>
</testsuite>
