<?xml version="1.0" encoding="UTF-8"?>
<!-- Generated by org.testng.reporters.JUnitReportReporter -->
<testsuite hostname="bogon" name="org.b3log.solo.service.LinkQueryServiceTestCase" tests="3" failures="0" timestamp="8 May 2017 12:31:35 GMT" time="0.539" errors="0">
  <testcase name="init" time="0.488" classname="org.b3log.solo.service.LinkQueryServiceTestCase"/>
  <testcase name="addLink" time="0.051" classname="org.b3log.solo.service.LinkQueryServiceTestCase"/>
  <testcase name="getLinks" time="0.000" classname="org.b3log.solo.service.LinkQueryServiceTestCase"/>
</testsuite>
