<?xml version="1.0" encoding="UTF-8"?>
<!-- Generated by org.testng.reporters.JUnitReportReporter -->
<testsuite hostname="bogon" name="org.b3log.solo.service.TagMgmtServiceTestCase" tests="2" failures="0" timestamp="8 May 2017 12:31:35 GMT" time="0.496" errors="0">
  <testcase name="init" time="0.496" classname="org.b3log.solo.service.TagMgmtServiceTestCase"/>
  <testcase name="removeUnusedTags" time="0.000" classname="org.b3log.solo.service.TagMgmtServiceTestCase"/>
</testsuite>
