<?xml version="1.0" encoding="UTF-8"?>
<!-- Generated by org.testng.reporters.JUnitReportReporter -->
<testsuite hostname="bogon" name="org.b3log.solo.processor.console.CategoryConsoleTestCase" tests="3" failures="0" timestamp="8 May 2017 12:31:35 GMT" time="0.671" errors="0">
  <testcase name="updateCategory" time="0.058" classname="org.b3log.solo.processor.console.CategoryConsoleTestCase"/>
  <testcase name="init" time="0.501" classname="org.b3log.solo.processor.console.CategoryConsoleTestCase"/>
  <testcase name="addCategory" time="0.112" classname="org.b3log.solo.processor.console.CategoryConsoleTestCase"/>
</testsuite>
