<?xml version="1.0" encoding="UTF-8"?>
<!-- Generated by org.testng.reporters.JUnitReportReporter -->
<testsuite hostname="bogon" name="org.b3log.solo.processor.StatProcessorTestCase" tests="2" failures="0" timestamp="8 May 2017 12:31:35 GMT" time="0.489" errors="0">
  <testcase name="showIndex" time="0.002" classname="org.b3log.solo.processor.StatProcessorTestCase"/>
  <testcase name="init" time="0.487" classname="org.b3log.solo.processor.StatProcessorTestCase"/>
</testsuite>
