<?xml version="1.0" encoding="UTF-8"?>
<!-- Generated by org.testng.reporters.JUnitReportReporter -->
<testsuite hostname="bogon" name="org.b3log.solo.service.PageMgmtServiceTestCase" tests="5" failures="0" timestamp="8 May 2017 12:31:35 GMT" time="0.714" errors="0">
  <testcase name="removePage" time="0.056" classname="org.b3log.solo.service.PageMgmtServiceTestCase"/>
  <testcase name="addPage" time="0.054" classname="org.b3log.solo.service.PageMgmtServiceTestCase"/>
  <testcase name="updatePage" time="0.058" classname="org.b3log.solo.service.PageMgmtServiceTestCase"/>
  <testcase name="changeOrder" time="0.058" classname="org.b3log.solo.service.PageMgmtServiceTestCase"/>
  <testcase name="init" time="0.488" classname="org.b3log.solo.service.PageMgmtServiceTestCase"/>
</testsuite>
