<?xml version="1.0" encoding="UTF-8"?>
<!-- Generated by org.testng.reporters.JUnitReportReporter -->
<testsuite hostname="bogon" name="org.b3log.solo.service.ArchiveDateQueryServiceTestCase" tests="3" failures="0" timestamp="8 May 2017 12:31:35 GMT" time="0.681" errors="0">
  <testcase name="getArchiveDates" time="0.004" classname="org.b3log.solo.service.ArchiveDateQueryServiceTestCase"/>
  <testcase name="init" time="0.675" classname="org.b3log.solo.service.ArchiveDateQueryServiceTestCase"/>
  <testcase name="getByArchiveDateString" time="0.002" classname="org.b3log.solo.service.ArchiveDateQueryServiceTestCase"/>
</testsuite>
