<?xml version="1.0" encoding="UTF-8"?>
<!-- Generated by org.testng.reporters.JUnitReportReporter -->
<testsuite hostname="bogon" name="org.b3log.solo.repository.impl.TagArticleRepositoryImplTestCase" tests="3" failures="0" timestamp="8 May 2017 12:31:35 GMT" time="0.053" errors="0">
  <testcase name="getByTagId" time="0.000" classname="org.b3log.solo.repository.impl.TagArticleRepositoryImplTestCase"/>
  <testcase name="getByArticleId" time="0.001" classname="org.b3log.solo.repository.impl.TagArticleRepositoryImplTestCase"/>
  <testcase name="add" time="0.052" classname="org.b3log.solo.repository.impl.TagArticleRepositoryImplTestCase"/>
</testsuite>
