<?xml version="1.0" encoding="UTF-8"?>
<!-- Generated by org.testng.reporters.JUnitReportReporter -->
<testsuite hostname="bogon" name="org.b3log.solo.processor.InitProcessorTestCase" tests="2" failures="0" timestamp="8 May 2017 12:31:35 GMT" time="0.501" errors="0">
  <testcase name="initSolo" time="0.491" classname="org.b3log.solo.processor.InitProcessorTestCase"/>
  <testcase name="showInit" time="0.010" classname="org.b3log.solo.processor.InitProcessorTestCase"/>
</testsuite>
