<?xml version="1.0" encoding="UTF-8"?>
<!-- Generated by org.testng.reporters.JUnitReportReporter -->
<testsuite hostname="bogon" name="org.b3log.solo.service.PreferenceMgmtServiceTestCase" tests="3" failures="0" timestamp="8 May 2017 12:31:35 GMT" time="0.497" errors="0">
  <testcase name="updatePreference" time="0.005" classname="org.b3log.solo.service.PreferenceMgmtServiceTestCase"/>
  <testcase name="init" time="0.491" classname="org.b3log.solo.service.PreferenceMgmtServiceTestCase"/>
  <testcase name="updateReplyNotificationTemplate" time="0.001" classname="org.b3log.solo.service.PreferenceMgmtServiceTestCase"/>
</testsuite>
