<?xml version="1.0" encoding="UTF-8"?>
<!-- Generated by org.testng.reporters.JUnitReportReporter -->
<testsuite hostname="bogon" name="org.b3log.solo.service.CommentMgmtServiceTestCase" tests="3" failures="0" timestamp="8 May 2017 12:31:35 GMT" time="0.917" errors="0">
  <testcase name="addPageComment" time="0.229" classname="org.b3log.solo.service.CommentMgmtServiceTestCase"/>
  <testcase name="addArticleComment" time="0.191" classname="org.b3log.solo.service.CommentMgmtServiceTestCase"/>
  <testcase name="init" time="0.497" classname="org.b3log.solo.service.CommentMgmtServiceTestCase"/>
</testsuite>
