<?xml version="1.0" encoding="UTF-8"?>
<!-- Generated by org.testng.reporters.JUnitReportReporter -->
<testsuite hostname="bogon" name="org.b3log.solo.processor.FeedProcessorTestCase" tests="5" failures="0" timestamp="8 May 2017 12:31:35 GMT" time="0.522" errors="0">
  <testcase name="blogArticlesRSS" time="0.003" classname="org.b3log.solo.processor.FeedProcessorTestCase"/>
  <testcase name="blogArticlesAtom" time="0.013" classname="org.b3log.solo.processor.FeedProcessorTestCase"/>
  <testcase name="tagArticlesAtom" time="0.003" classname="org.b3log.solo.processor.FeedProcessorTestCase"/>
  <testcase name="tagArticlesRSS" time="0.004" classname="org.b3log.solo.processor.FeedProcessorTestCase"/>
  <testcase name="init" time="0.499" classname="org.b3log.solo.processor.FeedProcessorTestCase"/>
</testsuite>
