<?xml version="1.0" encoding="UTF-8"?>
<!-- Generated by org.testng.reporters.JUnitReportReporter -->
<testsuite hostname="bogon" name="org.b3log.solo.service.CategoryQueryServiceTestCase" tests="3" failures="0" timestamp="8 May 2017 12:31:35 GMT" time="0.555" errors="0">
  <testcase name="getCategories" time="0.001" classname="org.b3log.solo.service.CategoryQueryServiceTestCase"/>
  <testcase name="init" time="0.498" classname="org.b3log.solo.service.CategoryQueryServiceTestCase"/>
  <testcase name="addCategory" time="0.056" classname="org.b3log.solo.service.CategoryQueryServiceTestCase"/>
</testsuite>
