<?xml version="1.0" encoding="UTF-8"?>
<!-- Generated by org.testng.reporters.JUnitReportReporter -->
<testsuite hostname="bogon" name="org.b3log.solo.processor.LoginProcessorTestCase" tests="6" failures="0" timestamp="8 May 2017 12:31:35 GMT" time="0.526" errors="0">
  <testcase name="showForgot" time="0.006" classname="org.b3log.solo.processor.LoginProcessorTestCase"/>
  <testcase name="forgot" time="0.005" classname="org.b3log.solo.processor.LoginProcessorTestCase"/>
  <testcase name="showLogin" time="0.005" classname="org.b3log.solo.processor.LoginProcessorTestCase"/>
  <testcase name="login" time="0.002" classname="org.b3log.solo.processor.LoginProcessorTestCase"/>
  <testcase name="logout" time="0.007" classname="org.b3log.solo.processor.LoginProcessorTestCase"/>
  <testcase name="init" time="0.501" classname="org.b3log.solo.processor.LoginProcessorTestCase"/>
</testsuite>
