<?xml version="1.0" encoding="UTF-8"?>
<!-- Generated by org.testng.reporters.JUnitReportReporter -->
<testsuite hostname="bogon" name="org.b3log.solo.processor.CaptchaProcessorTestCase" tests="2" failures="0" timestamp="8 May 2017 12:31:35 GMT" time="0.521" errors="0">
  <testcase name="init" time="0.510" classname="org.b3log.solo.processor.CaptchaProcessorTestCase"/>
  <testcase name="get" time="0.011" classname="org.b3log.solo.processor.CaptchaProcessorTestCase"/>
</testsuite>
