<?xml version="1.0" encoding="UTF-8"?>
<!-- Generated by org.testng.reporters.JUnitReportReporter -->
<testsuite hostname="bogon" name="org.b3log.solo.service.LinkMgmtServiceTestCase" tests="5" failures="0" timestamp="8 May 2017 12:31:35 GMT" time="0.716" errors="0">
  <testcase name="removeLink" time="0.055" classname="org.b3log.solo.service.LinkMgmtServiceTestCase"/>
  <testcase name="changeOrder" time="0.055" classname="org.b3log.solo.service.LinkMgmtServiceTestCase"/>
  <testcase name="addLink" time="0.055" classname="org.b3log.solo.service.LinkMgmtServiceTestCase"/>
  <testcase name="init" time="0.498" classname="org.b3log.solo.service.LinkMgmtServiceTestCase"/>
  <testcase name="updateLink" time="0.053" classname="org.b3log.solo.service.LinkMgmtServiceTestCase"/>
</testsuite>
