<?xml version="1.0" encoding="UTF-8"?>
<!-- Generated by org.testng.reporters.JUnitReportReporter -->
<testsuite hostname="bogon" name="org.b3log.solo.service.CategoryMgmtServiceTestCase" tests="5" failures="0" timestamp="8 May 2017 12:31:35 GMT" time="0.717" errors="0">
  <testcase name="init" time="0.503" classname="org.b3log.solo.service.CategoryMgmtServiceTestCase"/>
  <testcase name="addCategory" time="0.053" classname="org.b3log.solo.service.CategoryMgmtServiceTestCase"/>
  <testcase name="changeOrder" time="0.054" classname="org.b3log.solo.service.CategoryMgmtServiceTestCase"/>
  <testcase name="removeCategory" time="0.053" classname="org.b3log.solo.service.CategoryMgmtServiceTestCase"/>
  <testcase name="updateCategory" time="0.054" classname="org.b3log.solo.service.CategoryMgmtServiceTestCase"/>
</testsuite>
