<?xml version="1.0" encoding="UTF-8"?>
<!-- Generated by org.testng.reporters.JUnitReportReporter -->
<testsuite hostname="bogon" name="org.b3log.solo.repository.impl.ArchiveDateRepositoryImplTestCase" tests="2" failures="0" timestamp="8 May 2017 12:31:35 GMT" time="0.056" errors="0">
  <testcase name="getByArchiveDate" time="0.001" classname="org.b3log.solo.repository.impl.ArchiveDateRepositoryImplTestCase"/>
  <testcase name="add" time="0.055" classname="org.b3log.solo.repository.impl.ArchiveDateRepositoryImplTestCase"/>
</testsuite>
