<?xml version="1.0" encoding="UTF-8"?>
<!-- Generated by org.testng.reporters.JUnitReportReporter -->
<testsuite hostname="bogon" name="org.b3log.solo.processor.PageProcessorTestCase" tests="2" failures="0" timestamp="8 May 2017 12:31:35 GMT" time="0.561" errors="0">
  <testcase name="showPage" time="0.067" classname="org.b3log.solo.processor.PageProcessorTestCase"/>
  <testcase name="init" time="0.494" classname="org.b3log.solo.processor.PageProcessorTestCase"/>
</testsuite>
