<?xml version="1.0" encoding="UTF-8"?>
<!-- Generated by org.testng.reporters.JUnitReportReporter -->
<testsuite hostname="bogon" name="org.b3log.solo.service.OptionQueryServiceTestCase" tests="1" failures="0" timestamp="8 May 2017 12:31:35 GMT" time="0.000" errors="0">
  <testcase name="get" time="0.000" classname="org.b3log.solo.service.OptionQueryServiceTestCase"/>
</testsuite>
