<?xml version="1.0" encoding="UTF-8"?>
<!-- Generated by org.testng.reporters.JUnitReportReporter -->
<testsuite hostname="bogon" name="org.b3log.solo.service.UserQueryServiceTestCase" tests="6" failures="0" timestamp="8 May 2017 12:31:35 GMT" time="0.057" errors="0">
  <testcase name="getUsers" time="0.001" classname="org.b3log.solo.service.UserQueryServiceTestCase"/>
  <testcase name="addUser" time="0.054" classname="org.b3log.solo.service.UserQueryServiceTestCase"/>
  <testcase name="getLoginURL" time="0.001" classname="org.b3log.solo.service.UserQueryServiceTestCase"/>
  <testcase name="getUserByEmail" time="0.000" classname="org.b3log.solo.service.UserQueryServiceTestCase"/>
  <testcase name="getUser" time="0.001" classname="org.b3log.solo.service.UserQueryServiceTestCase"/>
  <testcase name="getLogoutURL" time="0.000" classname="org.b3log.solo.service.UserQueryServiceTestCase"/>
</testsuite>
