<?xml version="1.0" encoding="UTF-8"?>
<!-- Generated by org.testng.reporters.JUnitReportReporter -->
<testsuite hostname="bogon" name="org.b3log.solo.processor.IndexProcessorTestCase" tests="4" failures="0" timestamp="8 May 2017 12:31:35 GMT" time="0.555" errors="0">
  <testcase name="init" time="0.505" classname="org.b3log.solo.processor.IndexProcessorTestCase"/>
  <testcase name="showIndex" time="0.034" classname="org.b3log.solo.processor.IndexProcessorTestCase"/>
  <testcase name="register" time="0.009" classname="org.b3log.solo.processor.IndexProcessorTestCase"/>
  <testcase name="showKillBrowser" time="0.007" classname="org.b3log.solo.processor.IndexProcessorTestCase"/>
</testsuite>
