<?xml version="1.0" encoding="UTF-8"?>
<!-- Generated by org.testng.reporters.JUnitReportReporter -->
<testsuite hostname="bogon" name="org.b3log.solo.processor.TagProcessorTestCase" tests="2" failures="0" timestamp="8 May 2017 12:31:35 GMT" time="0.524" errors="0">
  <testcase name="init" time="0.498" classname="org.b3log.solo.processor.TagProcessorTestCase"/>
  <testcase name="showTagArticles" time="0.026" classname="org.b3log.solo.processor.TagProcessorTestCase"/>
</testsuite>
